<?xml version="1.0" encoding="UTF-8"?>
<testng-results ignored="0" total="1" passed="1" failed="0" skipped="0">
  <reporter-output>
  </reporter-output>
  <suite started-at="2022-08-23T15:25:23 IST" name="Default suite" finished-at="2022-08-23T15:25:49 IST" duration-ms="25435">
    <groups>
    </groups>
    <test started-at="2022-08-23T15:25:23 IST" name="Default test" finished-at="2022-08-23T15:25:49 IST" duration-ms="25435">
      <class name="DeepaAndroid.Appium.CheckoutApp">
        <test-method is-config="true" signature="ConfigureAppium()[pri:0, instance:DeepaAndroid.Appium.CheckoutApp@2f217633]" started-at="2022-08-23T15:25:23 IST" name="ConfigureAppium" finished-at="2022-08-23T15:25:34 IST" duration-ms="10426" status="PASS">
          <reporter-output>
          </reporter-output>
        </test-method> <!-- ConfigureAppium -->
        <test-method signature="CheckoutDemoApp()[pri:0, instance:DeepaAndroid.Appium.CheckoutApp@2f217633]" started-at="2022-08-23T15:25:34 IST" name="CheckoutDemoApp" finished-at="2022-08-23T15:25:48 IST" duration-ms="14443" status="PASS">
          <reporter-output>
          </reporter-output>
        </test-method> <!-- CheckoutDemoApp -->
        <test-method is-config="true" signature="tearDown()[pri:0, instance:DeepaAndroid.Appium.CheckoutApp@2f217633]" started-at="2022-08-23T15:25:48 IST" name="tearDown" finished-at="2022-08-23T15:25:49 IST" duration-ms="530" status="PASS">
          <reporter-output>
          </reporter-output>
        </test-method> <!-- tearDown -->
      </class> <!-- DeepaAndroid.Appium.CheckoutApp -->
    </test> <!-- Default test -->
  </suite> <!-- Default suite -->
</testng-results>
